<?xml version="1.0" encoding="UTF-8"?>
<!-- Generated by org.testng.reporters.JUnitXMLReporter -->
<testsuite ignored="0" hostname="DESKTOP-9GIQDKD" failures="0" tests="3" name="Test" time="22.964" errors="0" timestamp="2023-04-07T10:41:49 IST">
  <testcase classname="testcases.SignupTest" name="SignupOperation" time="2.766"/>
  <testcase classname="testcases.LoginTest" name="LoginOperation" time="2.339"/>
  <testcase classname="testcases.AddcartTest" name="Addproductoperation" time="6.506"/>
</testsuite> <!-- Test -->
