<?xml version="1.0" encoding="UTF-8"?>
<!-- Generated by org.testng.reporters.JUnitXMLReporter -->
<testsuite ignored="0" hostname="DESKTOP-9GIQDKD" failures="0" tests="3" name="Test" time="21.989" errors="0" timestamp="2023-03-27T19:08:56 IST">
  <testcase classname="testcases.AddcartTest" name="Addproductoperation" time="6.673"/>
  <testcase classname="testcases.LoginTest" name="LoginOperation" time="3.108"/>
  <testcase classname="testcases.SignupTest" name="SignupOperation" time="3.094"/>
</testsuite> <!-- Test -->
