<?xml version="1.0" encoding="UTF-8"?>
<!-- Generated by org.testng.reporters.JUnitXMLReporter -->
<testsuite ignored="0" hostname="DESKTOP-9GIQDKD" failures="0" tests="3" name="Test" time="24.951" errors="0" timestamp="2023-04-01T10:37:06 IST">
  <testcase classname="testcases.SignupTest" name="SignupOperation" time="2.753"/>
  <testcase classname="testcases.LoginTest" name="LoginOperation" time="2.697"/>
  <testcase classname="testcases.AddcartTest" name="Addproductoperation" time="6.097"/>
</testsuite> <!-- Test -->
