<?xml version="1.0" encoding="UTF-8"?>
<!-- Generated by org.testng.reporters.JUnitXMLReporter -->
<testsuite ignored="0" hostname="DESKTOP-9GIQDKD" failures="0" tests="3" name="Test" time="22.458" errors="0" timestamp="2023-03-27T19:20:38 IST">
  <testcase classname="testcases.SignupTest" name="SignupOperation" time="2.828"/>
  <testcase classname="testcases.LoginTest" name="LoginOperation" time="3.038"/>
  <testcase classname="testcases.AddcartTest" name="Addproductoperation" time="6.493"/>
</testsuite> <!-- Test -->
