<?xml version="1.0" encoding="UTF-8"?>
<testng-results ignored="0" total="3" passed="3" failed="0" skipped="0">
  <reporter-output>
  </reporter-output>
  <suite started-at="2023-03-27T19:20:15 IST" name="Suite" finished-at="2023-03-27T19:20:38 IST" duration-ms="22458">
    <groups>
    </groups>
    <test started-at="2023-03-27T19:20:15 IST" name="Test" finished-at="2023-03-27T19:20:38 IST" duration-ms="22458">
      <class name="testcases.SignupTest">
        <test-method is-config="true" signature="Startup()[pri:0, instance:testcases.SignupTest@19932c16]" started-at="2023-03-27T19:20:15 IST" name="Startup" finished-at="2023-03-27T19:20:20 IST" duration-ms="4297" status="PASS">
          <reporter-output>
          </reporter-output>
        </test-method> <!-- Startup -->
        <test-method signature="SignupOperation()[pri:0, instance:testcases.SignupTest@19932c16]" started-at="2023-03-27T19:20:20 IST" name="SignupOperation" finished-at="2023-03-27T19:20:23 IST" duration-ms="2828" status="PASS">
          <reporter-output>
          </reporter-output>
        </test-method> <!-- SignupOperation -->
        <test-method is-config="true" signature="close()[pri:0, instance:testcases.SignupTest@19932c16]" started-at="2023-03-27T19:20:23 IST" name="close" finished-at="2023-03-27T19:20:23 IST" duration-ms="330" status="PASS">
          <reporter-output>
          </reporter-output>
        </test-method> <!-- close -->
      </class> <!-- testcases.SignupTest -->
      <class name="testcases.AddcartTest">
        <test-method is-config="true" signature="Startup()[pri:0, instance:testcases.AddcartTest@740fb309]" started-at="2023-03-27T19:20:28 IST" name="Startup" finished-at="2023-03-27T19:20:31 IST" duration-ms="2768" status="PASS">
          <reporter-output>
          </reporter-output>
        </test-method> <!-- Startup -->
        <test-method signature="Addproductoperation()[pri:0, instance:testcases.AddcartTest@740fb309]" started-at="2023-03-27T19:20:31 IST" name="Addproductoperation" finished-at="2023-03-27T19:20:38 IST" duration-ms="6493" status="PASS">
          <reporter-output>
          </reporter-output>
        </test-method> <!-- Addproductoperation -->
        <test-method is-config="true" signature="close()[pri:0, instance:testcases.AddcartTest@740fb309]" started-at="2023-03-27T19:20:38 IST" name="close" finished-at="2023-03-27T19:20:38 IST" duration-ms="265" status="PASS">
          <reporter-output>
          </reporter-output>
        </test-method> <!-- close -->
      </class> <!-- testcases.AddcartTest -->
      <class name="testcases.LoginTest">
        <test-method is-config="true" signature="Startup()[pri:0, instance:testcases.LoginTest@eadd4fb]" started-at="2023-03-27T19:20:23 IST" name="Startup" finished-at="2023-03-27T19:20:25 IST" duration-ms="2125" status="PASS">
          <reporter-output>
          </reporter-output>
        </test-method> <!-- Startup -->
        <test-method signature="LoginOperation()[pri:0, instance:testcases.LoginTest@eadd4fb]" started-at="2023-03-27T19:20:25 IST" name="LoginOperation" finished-at="2023-03-27T19:20:28 IST" duration-ms="3038" status="PASS">
          <reporter-output>
          </reporter-output>
        </test-method> <!-- LoginOperation -->
        <test-method is-config="true" signature="close()[pri:0, instance:testcases.LoginTest@eadd4fb]" started-at="2023-03-27T19:20:28 IST" name="close" finished-at="2023-03-27T19:20:28 IST" duration-ms="242" status="PASS">
          <reporter-output>
          </reporter-output>
        </test-method> <!-- close -->
      </class> <!-- testcases.LoginTest -->
    </test> <!-- Test -->
  </suite> <!-- Suite -->
</testng-results>
