<?xml version="1.0" encoding="UTF-8"?>
<testng-results ignored="0" total="3" passed="3" failed="0" skipped="0">
  <reporter-output>
  </reporter-output>
  <suite started-at="2023-04-01T10:36:41 IST" name="Suite" finished-at="2023-04-01T10:37:06 IST" duration-ms="24951">
    <groups>
    </groups>
    <test started-at="2023-04-01T10:36:41 IST" name="Test" finished-at="2023-04-01T10:37:06 IST" duration-ms="24951">
      <class name="testcases.SignupTest">
        <test-method is-config="true" signature="Startup()[pri:0, instance:testcases.SignupTest@19932c16]" started-at="2023-04-01T10:36:41 IST" name="Startup" finished-at="2023-04-01T10:36:46 IST" duration-ms="4410" status="PASS">
          <reporter-output>
          </reporter-output>
        </test-method> <!-- Startup -->
        <test-method signature="SignupOperation()[pri:0, instance:testcases.SignupTest@19932c16]" started-at="2023-04-01T10:36:46 IST" name="SignupOperation" finished-at="2023-04-01T10:36:48 IST" duration-ms="2753" status="PASS">
          <reporter-output>
          </reporter-output>
        </test-method> <!-- SignupOperation -->
        <test-method is-config="true" signature="close()[pri:0, instance:testcases.SignupTest@19932c16]" started-at="2023-04-01T10:36:48 IST" name="close" finished-at="2023-04-01T10:36:49 IST" duration-ms="298" status="PASS">
          <reporter-output>
          </reporter-output>
        </test-method> <!-- close -->
      </class> <!-- testcases.SignupTest -->
      <class name="testcases.AddcartTest">
        <test-method is-config="true" signature="Startup()[pri:0, instance:testcases.AddcartTest@740fb309]" started-at="2023-04-01T10:36:56 IST" name="Startup" finished-at="2023-04-01T10:37:00 IST" duration-ms="3965" status="PASS">
          <reporter-output>
          </reporter-output>
        </test-method> <!-- Startup -->
        <test-method signature="Addproductoperation()[pri:0, instance:testcases.AddcartTest@740fb309]" started-at="2023-04-01T10:37:00 IST" name="Addproductoperation" finished-at="2023-04-01T10:37:06 IST" duration-ms="6097" status="PASS">
          <reporter-output>
          </reporter-output>
        </test-method> <!-- Addproductoperation -->
        <test-method is-config="true" signature="close()[pri:0, instance:testcases.AddcartTest@740fb309]" started-at="2023-04-01T10:37:06 IST" name="close" finished-at="2023-04-01T10:37:06 IST" duration-ms="241" status="PASS">
          <reporter-output>
          </reporter-output>
        </test-method> <!-- close -->
      </class> <!-- testcases.AddcartTest -->
      <class name="testcases.LoginTest">
        <test-method is-config="true" signature="Startup()[pri:0, instance:testcases.LoginTest@eadd4fb]" started-at="2023-04-01T10:36:49 IST" name="Startup" finished-at="2023-04-01T10:36:53 IST" duration-ms="4210" status="PASS">
          <reporter-output>
          </reporter-output>
        </test-method> <!-- Startup -->
        <test-method signature="LoginOperation()[pri:0, instance:testcases.LoginTest@eadd4fb]" started-at="2023-04-01T10:36:53 IST" name="LoginOperation" finished-at="2023-04-01T10:36:56 IST" duration-ms="2697" status="PASS">
          <reporter-output>
          </reporter-output>
        </test-method> <!-- LoginOperation -->
        <test-method is-config="true" signature="close()[pri:0, instance:testcases.LoginTest@eadd4fb]" started-at="2023-04-01T10:36:56 IST" name="close" finished-at="2023-04-01T10:36:56 IST" duration-ms="225" status="PASS">
          <reporter-output>
          </reporter-output>
        </test-method> <!-- close -->
      </class> <!-- testcases.LoginTest -->
    </test> <!-- Test -->
  </suite> <!-- Suite -->
</testng-results>
